KIndredClinic/app/build/intermediates/manifest_merge_blame_file/debug/manifest-merger-blame-debug-report.txt
1<?xml version="1.0" encoding="utf-8"?>
2<manifest xmlns:android="http://schemas.android.com/apk/res/android"
3    package="com.example.kindredlclinic"
4    android:versionCode="1"
5    android:versionName="1.0" >
6
7    <uses-sdk
8        android:minSdkVersion="16"
8-->src\main\AndroidManifest.xml
9        android:targetSdkVersion="30" />
9-->src\main\AndroidManifest.xml
10
11    <uses-permission android:name="android.permission.ACCESS_NETWORK_STATE" />
11-->src\main\AndroidManifest.xml:5:5-79
11-->src\main\AndroidManifest.xml:5:22-76
12    <uses-permission android:name="android.permission.INTERNET" />
12-->src\main\AndroidManifest.xml:6:5-67
12-->src\main\AndroidManifest.xml:6:22-64
13
14    <application
14-->src\main\AndroidManifest.xml:8:5-48:19
15        android:name="androidx.multidex.MultiDexApplication"
16        android:allowBackup="true"
16-->src\main\AndroidManifest.xml:10:9-35
17        android:appComponentFactory="androidx.core.app.CoreComponentFactory"
17-->[androidx.core:core:1.1.0] AndroidManifest.xml:24:18-86
18        android:debuggable="true"
19        android:icon="@mipmap/ic_launcher"
19-->src\main\AndroidManifest.xml:11:9-43
20        android:label="@string/app_name"
20-->src\main\AndroidManifest.xml:12:9-41
21        android:roundIcon="@mipmap/ic_launcher_round"
21-->src\main\AndroidManifest.xml:13:9-54
22        android:supportsRtl="true"
22-->src\main\AndroidManifest.xml:14:9-35
23        android:testOnly="true"
24        android:theme="@style/Theme.KindredlClinic"
24-->src\main\AndroidManifest.xml:15:9-52
25        android:usesCleartextTraffic="true" >
25-->src\main\AndroidManifest.xml:16:9-44
26        <activity
26-->src\main\AndroidManifest.xml:18:9-22:58
27            android:name="com.example.kindredlclinic.MainActivity"
27-->src\main\AndroidManifest.xml:19:13-41
28            android:launchMode="singleTop"
28-->src\main\AndroidManifest.xml:20:13-43
29            android:screenOrientation="portrait"
29-->src\main\AndroidManifest.xml:21:13-49
30            android:theme="@style/AppTheme.NoActionBar" />
30-->src\main\AndroidManifest.xml:22:13-56
31        <activity
31-->src\main\AndroidManifest.xml:24:9-26:58
32            android:name="com.example.kindredlclinic.vistas.DetalhesConsultaActivity"
32-->src\main\AndroidManifest.xml:25:13-60
33            android:parentActivityName="com.example.kindredlclinic.MainActivity" />
33-->src\main\AndroidManifest.xml:26:13-55
34        <activity
34-->src\main\AndroidManifest.xml:28:9-30:58
35            android:name="com.example.kindredlclinic.vistas.DetalhesReceitaActivity"
35-->src\main\AndroidManifest.xml:29:13-59
36            android:parentActivityName="com.example.kindredlclinic.MainActivity" />
36-->src\main\AndroidManifest.xml:30:13-55
37        <activity
37-->src\main\AndroidManifest.xml:32:9-34:58
38            android:name="com.example.kindredlclinic.vistas.DetalhesExameActivity"
38-->src\main\AndroidManifest.xml:33:13-57
39            android:parentActivityName="com.example.kindredlclinic.MainActivity" />
39-->src\main\AndroidManifest.xml:34:13-55
40        <activity
40-->src\main\AndroidManifest.xml:36:9-38:58
41            android:name="com.example.kindredlclinic.vistas.UtenteActivity"
41-->src\main\AndroidManifest.xml:37:13-50
42            android:parentActivityName="com.example.kindredlclinic.MainActivity" />
42-->src\main\AndroidManifest.xml:38:13-55
43        <activity android:name="com.example.kindredlclinic.vistas.LoginActivity" >
43-->src\main\AndroidManifest.xml:39:9-46:20
43-->src\main\AndroidManifest.xml:40:13-49
44            <intent-filter>
44-->src\main\AndroidManifest.xml:41:13-45:29
45                <action android:name="android.intent.action.MAIN" />
45-->src\main\AndroidManifest.xml:42:17-69
45-->src\main\AndroidManifest.xml:42:25-66
46
47                <category android:name="android.intent.category.LAUNCHER" />
47-->src\main\AndroidManifest.xml:44:17-77
47-->src\main\AndroidManifest.xml:44:27-74
48            </intent-filter>
49        </activity>
50    </application>
51
52</manifest>